<?xml version="1.0" encoding="UTF-8" ?>
<testsuite tests="3" failures="1" name="testCases.TestCase_01" time="125.799" errors="0" skipped="2">
  <properties>
[...]
</properties>
  <testcase classname="testCases.TestCase_01" name="setup" time="41.801">
    <failure message="unknown error: unable to discover open pages
  (Driver info: chromedriver=2.0,platform=Windows NT 6.2 x86) (WARNING: The server did not provide any stacktrace information)
Command duration or timeout: 28.97 seconds
Build info: version: &apos;3.141.59&apos;, revision: &apos;e82be7d358&apos;, time: &apos;2018-11-14T08:17:03&apos;
System info: host: &apos;DESKTOP-L4FQ7OG&apos;, ip: &apos;192.168.10.228&apos;, os.name: &apos;Windows 10&apos;, os.arch: &apos;x86&apos;, os.version: &apos;10.0&apos;, java.version: &apos;1.8.0_231&apos;
Driver info: driver.version: ChromeDriver" type="org.openqa.selenium.WebDriverException">org.openqa.selenium.WebDriverException: unknown error: unable to discover open pages
  (Driver info: chromedriver=2.0,platform=Windows NT 6.2 x86) (WARNING: The server did not provide any stacktrace information)
Command duration or timeout: 28.97 seconds
Build info: version: &apos;3.141.59&apos;, revision: &apos;e82be7d358&apos;, time: &apos;2018-11-14T08:17:03&apos;
System info: host: &apos;DESKTOP-L4FQ7OG&apos;, ip: &apos;192.168.10.228&apos;, os.name: &apos;Windows 10&apos;, os.arch: &apos;x86&apos;, os.version: &apos;10.0&apos;, java.version: &apos;1.8.0_231&apos;
Driver info: driver.version: ChromeDriver
	at sun.reflect.NativeConstructorAccessorImpl.newInstance0(Native Method)
	at sun.reflect.NativeConstructorAccessorImpl.newInstance(NativeConstructorAccessorImpl.java:62)
	at sun.reflect.DelegatingConstructorAccessorImpl.newInstance(DelegatingConstructorAccessorImpl.java:45)
	at java.lang.reflect.Constructor.newInstance(Constructor.java:423)
	at org.openqa.selenium.remote.ErrorHandler.createThrowable(ErrorHandler.java:214)
	at org.openqa.selenium.remote.ErrorHandler.throwIfResponseFailed(ErrorHandler.java:166)
	at org.openqa.selenium.remote.JsonWireProtocolResponse.lambda$errorHandler$0(JsonWireProtocolResponse.java:54)
	at org.openqa.selenium.remote.HandshakeResponse.lambda$getResponseFunction$0(HandshakeResponse.java:30)
	at org.openqa.selenium.remote.ProtocolHandshake.lambda$createSession$0(ProtocolHandshake.java:126)
	at java.util.stream.ReferencePipeline$3$1.accept(ReferencePipeline.java:193)
	at java.util.Spliterators$ArraySpliterator.tryAdvance(Spliterators.java:958)
	at java.util.stream.ReferencePipeline.forEachWithCancel(ReferencePipeline.java:126)
	at java.util.stream.AbstractPipeline.copyIntoWithCancel(AbstractPipeline.java:499)
	at java.util.stream.AbstractPipeline.copyInto(AbstractPipeline.java:486)
	at java.util.stream.AbstractPipeline.wrapAndCopyInto(AbstractPipeline.java:472)
	at java.util.stream.FindOps$FindOp.evaluateSequential(FindOps.java:152)
	at java.util.stream.AbstractPipeline.evaluate(AbstractPipeline.java:234)
	at java.util.stream.ReferencePipeline.findFirst(ReferencePipeline.java:464)
	at org.openqa.selenium.remote.ProtocolHandshake.createSession(ProtocolHandshake.java:128)
	at org.openqa.selenium.remote.ProtocolHandshake.createSession(ProtocolHandshake.java:74)
	at org.openqa.selenium.remote.HttpCommandExecutor.execute(HttpCommandExecutor.java:136)
	at org.openqa.selenium.remote.service.DriverCommandExecutor.execute(DriverCommandExecutor.java:83)
	at org.openqa.selenium.remote.RemoteWebDriver.execute(RemoteWebDriver.java:552)
	at org.openqa.selenium.remote.RemoteWebDriver.startSession(RemoteWebDriver.java:213)
	at org.openqa.selenium.remote.RemoteWebDriver.&lt;init&gt;(RemoteWebDriver.java:131)
	at org.openqa.selenium.chrome.ChromeDriver.&lt;init&gt;(ChromeDriver.java:181)
	at org.openqa.selenium.chrome.ChromeDriver.&lt;init&gt;(ChromeDriver.java:168)
	at org.openqa.selenium.chrome.ChromeDriver.&lt;init&gt;(ChromeDriver.java:123)
	at testCases.BaseClass.setup(BaseClass.java:21)
	at sun.reflect.NativeMethodAccessorImpl.invoke0(Native Method)
	at sun.reflect.NativeMethodAccessorImpl.invoke(NativeMethodAccessorImpl.java:62)
	at sun.reflect.DelegatingMethodAccessorImpl.invoke(DelegatingMethodAccessorImpl.java:43)
	at java.lang.reflect.Method.invoke(Method.java:498)
	at org.testng.internal.MethodInvocationHelper.invokeMethod(MethodInvocationHelper.java:124)
	at org.testng.internal.MethodInvocationHelper.invokeMethodConsideringTimeout(MethodInvocationHelper.java:59)
	at org.testng.internal.Invoker.invokeConfigurationMethod(Invoker.java:458)
	at org.testng.internal.Invoker.invokeConfigurations(Invoker.java:222)
	at org.testng.internal.Invoker.invokeConfigurations(Invoker.java:142)
	at org.testng.internal.TestMethodWorker.invokeBeforeClassMethods(TestMethodWorker.java:168)
	at org.testng.internal.TestMethodWorker.run(TestMethodWorker.java:105)
	at org.testng.TestRunner.privateRun(TestRunner.java:648)
	at org.testng.TestRunner.run(TestRunner.java:505)
	at org.testng.SuiteRunner.runTest(SuiteRunner.java:455)
	at org.testng.SuiteRunner.runSequentially(SuiteRunner.java:450)
	at org.testng.SuiteRunner.privateRun(SuiteRunner.java:415)
	at org.testng.SuiteRunner.run(SuiteRunner.java:364)
	at org.testng.SuiteRunnerWorker.runSuite(SuiteRunnerWorker.java:52)
	at org.testng.SuiteRunnerWorker.run(SuiteRunnerWorker.java:84)
	at org.testng.TestNG.runSuitesSequentially(TestNG.java:1208)
	at org.testng.TestNG.runSuitesLocally(TestNG.java:1137)
	at org.testng.TestNG.runSuites(TestNG.java:1049)
	at org.testng.TestNG.run(TestNG.java:1017)
	at org.apache.maven.surefire.testng.TestNGExecutor.run(TestNGExecutor.java:77)
	at org.apache.maven.surefire.testng.TestNGDirectoryTestSuite.execute(TestNGDirectoryTestSuite.java:110)
	at org.apache.maven.surefire.testng.TestNGProvider.invoke(TestNGProvider.java:106)
	at sun.reflect.NativeMethodAccessorImpl.invoke0(Native Method)
	at sun.reflect.NativeMethodAccessorImpl.invoke(NativeMethodAccessorImpl.java:62)
	at sun.reflect.DelegatingMethodAccessorImpl.invoke(DelegatingMethodAccessorImpl.java:43)
	at java.lang.reflect.Method.invoke(Method.java:498)
	at org.apache.maven.surefire.util.ReflectionUtils.invokeMethodWithArray(ReflectionUtils.java:189)
	at org.apache.maven.surefire.booter.ProviderFactory$ProviderProxy.invoke(ProviderFactory.java:165)
	at org.apache.maven.surefire.booter.ProviderFactory.invokeProvider(ProviderFactory.java:85)
	at org.apache.maven.surefire.booter.ForkedBooter.runSuitesInProcess(ForkedBooter.java:115)
	at org.apache.maven.surefire.booter.ForkedBooter.main(ForkedBooter.java:75)
</failure>
    <system-out>Configuring TestNG with: org.apache.maven.surefire.testng.conf.TestNG652Configurator@1410acf
ffff ff fgf gfg fg f gfgfgfg fg fgfg  fgfg
</system-out>
    <system-err>[0.539][INFO]: received WebDriver request: GET /status 
[0.539][INFO]: sending WebDriver response: 200 {
   &quot;sessionId&quot;: &quot;&quot;,
   &quot;status&quot;: 0,
   &quot;value&quot;: {
      &quot;build&quot;: {
         &quot;version&quot;: &quot;alpha&quot;
      },
      &quot;os&quot;: {
         &quot;arch&quot;: &quot;x86&quot;,
         &quot;name&quot;: &quot;Windows NT&quot;,
         &quot;version&quot;: &quot;6.2&quot;
      }
   }
}
[2.560][INFO]: received WebDriver request: POST /session {
   &quot;capabilities&quot;: {
      &quot;firstMatch&quot;: [ {
         &quot;browserName&quot;: &quot;chrome&quot;,
         &quot;goog:chromeOptions&quot;: {
            &quot;args&quot;: [  ],
            &quot;extensions&quot;: [  ]
         }
      } ]
   },
   &quot;desiredCapabilities&quot;: {
      &quot;browserName&quot;: &quot;chrome&quot;,
      &quot;goog:chromeOptions&quot;: {
         &quot;args&quot;: [  ],
         &quot;extensions&quot;: [  ]
      }
   }
}
[2.903][INFO]: Launching chrome: &quot;C:\Program Files\Google\Chrome\Application\chrome.exe&quot; --remote-debugging-port=63527 --no-first-run --enable-logging --logging-level=1 --user-data-dir=&quot;C:\Users\JANET~1.RAJ\AppData\Local\Temp\scoped_dir13576_10498&quot; --load-extension=&quot;C:\Users\JANET~1.RAJ\AppData\Local\Temp\scoped_dir13576_24792\internal&quot; --ignore-certificate-errors data:text/html;charset=utf-8,
[30.579][INFO]: sending WebDriver response: 200 {
   &quot;sessionId&quot;: &quot;&quot;,
   &quot;status&quot;: 13,
   &quot;value&quot;: {
      &quot;message&quot;: &quot;unknown error: unable to discover open pages\n  (Driver info: chromedriver=2.0,platform=Windows NT 6.2 x86)&quot;
   }
}
</system-err>
  </testcase>
  <testcase classname="testCases.TestCase_01" name="loginEhallpass" time="41.986">
    <skipped/>
  </testcase>
  <testcase classname="testCases.TestCase_01" name="tearDown" time="42.012">
    <skipped/>
  </testcase>
</testsuite>